{
  "RSpec": {
    "coverage": {
      "/Users/James/Projects/noughts_and_crosses/spec/board_spec.rb": [
        1,
        null,
        1,
        1,
        null,
        1,
        1,
        1,
        3,
        null,
        null,
        null,
        1,
        1,
        1,
        null,
        null,
        1,
        1,
        1,
        null,
        null,
        null,
        1,
        1,
        1,
        1,
        1,
        null,
        null,
        null,
        null,
        null
      ],
      "/Users/James/Projects/noughts_and_crosses/spec/cell_spec.rb": [
        1,
        null,
        1,
        1,
        1,
        1,
        1,
        null,
        null,
        1,
        1,
        1,
        null,
        null,
        1,
        1,
        1,
        null,
        null,
        null
      ]
    },
    "timestamp": 1509628437
  }
}
